SF:lib\app\modules\converter\domain\entities\currency_information_entity.dart
DA:5,2
LF:1
LH:1
end_of_record
SF:lib\app\modules\converter\domain\usecases\convert_currency.dart
DA:8,2
DA:10,2
DA:12,2
DA:13,1
DA:14,2
DA:15,0
DA:18,2
DA:19,4
DA:22,2
DA:23,2
DA:24,4
DA:25,4
DA:28,0
DA:29,0
DA:30,0
DA:32,0
DA:35,0
DA:36,0
DA:37,0
DA:38,0
LF:20
LH:11
end_of_record
SF:lib\app\modules\converter\domain\entities\currency_entity.dart
DA:6,2
LF:1
LH:1
end_of_record
SF:lib\app\app_module.dart
DA:8,1
DA:9,1
DA:10,1
DA:11,0
DA:14,0
DA:15,0
DA:16,0
DA:17,0
LF:8
LH:3
end_of_record
SF:lib\app\app_widget.dart
DA:7,1
DA:9,0
DA:11,0
DA:15,0
DA:16,0
DA:17,0
DA:23,0
DA:29,0
DA:30,0
DA:35,0
DA:42,0
DA:43,0
DA:50,0
DA:52,0
DA:57,0
DA:59,0
LF:16
LH:1
end_of_record
SF:lib\app\modules\converter\converter_module.dart
DA:14,1
DA:15,1
DA:16,1
DA:17,2
DA:18,0
DA:20,1
DA:21,3
DA:22,1
DA:23,3
DA:24,1
DA:25,3
DA:26,5
DA:29,0
DA:30,0
DA:31,0
DA:32,0
DA:33,0
DA:34,0
LF:18
LH:11
end_of_record
SF:lib\app\modules\converter\infra\datasources\currency_datasource.dart
DA:9,1
DA:11,1
DA:15,3
DA:17,2
DA:20,0
LF:5
LH:4
end_of_record
SF:lib\app\modules\converter\infra\repositories\currency_repository.dart
DA:9,1
DA:10,1
DA:12,2
DA:14,1
DA:15,1
DA:16,1
LF:6
LH:6
end_of_record
SF:lib\app\modules\converter\infra\repositories\models\currency_information_model.dart
DA:5,1
DA:10,1
DA:11,2
DA:12,1
DA:13,2
DA:14,2
LF:6
LH:6
end_of_record
SF:lib\app\modules\converter\presenter\pages\author\author_page.dart.dart
DA:5,2
DA:7,0
DA:8,0
DA:12,0
DA:14,0
DA:15,0
DA:16,0
DA:18,0
DA:19,0
DA:22,0
DA:23,0
DA:24,0
LF:12
LH:1
end_of_record
SF:lib\app\modules\converter\presenter\pages\home\home_controller.dart
DA:16,1
DA:22,1
DA:23,1
DA:24,3
DA:25,2
DA:26,1
DA:28,1
DA:29,1
DA:30,2
DA:32,1
DA:33,4
DA:35,1
DA:36,0
DA:38,1
DA:39,4
DA:42,0
DA:43,0
DA:44,0
DA:47,0
DA:49,2
DA:54,1
DA:55,1
DA:58,0
DA:59,0
DA:62,0
DA:63,0
DA:66,0
DA:68,0
DA:69,0
DA:70,0
LF:30
LH:17
end_of_record
SF:lib\app\modules\converter\presenter\pages\home\home_page.dart
DA:10,1
DA:15,1
DA:16,1
DA:20,3
DA:21,1
DA:23,1
DA:24,3
DA:25,1
DA:26,1
DA:28,1
DA:30,1
DA:31,1
DA:32,2
DA:33,2
DA:35,1
DA:37,1
DA:38,1
DA:39,2
DA:40,2
DA:42,1
DA:44,1
DA:45,1
DA:46,2
DA:47,2
DA:49,1
DA:50,2
DA:51,1
DA:52,1
DA:59,1
DA:61,0
DA:62,0
LF:31
LH:29
end_of_record
SF:lib\app\modules\converter\presenter\pages\home\home_store.dart
DA:5,2
DA:6,0
DA:7,2
DA:9,0
DA:11,0
LF:5
LH:2
end_of_record
SF:lib\app\modules\converter\presenter\pages\home\widgets\custom_text_field_widget.dart
DA:10,1
DA:16,1
DA:18,1
DA:20,1
DA:22,1
DA:23,1
DA:24,4
DA:26,1
DA:28,1
DA:29,1
DA:31,1
DA:32,1
DA:33,1
DA:34,1
DA:35,3
DA:37,1
DA:39,1
DA:40,1
DA:41,3
DA:43,1
DA:45,2
DA:46,4
LF:22
LH:22
end_of_record
SF:lib\app\modules\splash\presenter\pages\splash\splash_controller.dart
DA:3,0
DA:5,0
LF:2
LH:0
end_of_record
SF:lib\app\modules\splash\presenter\pages\splash\splash_page.dart
DA:8,0
DA:13,0
DA:14,0
DA:18,0
DA:20,0
DA:21,0
DA:22,0
DA:26,0
DA:28,0
DA:29,0
LF:10
LH:0
end_of_record
SF:lib\app\modules\splash\splash_module.dart
DA:6,0
DA:7,0
DA:8,0
DA:11,0
DA:12,0
DA:13,0
DA:15,0
DA:16,0
LF:8
LH:0
end_of_record
SF:lib\commons\adapters\navigation_adapter.dart
DA:5,0
DA:6,0
DA:9,0
DA:10,0
DA:13,0
DA:14,0
DA:17,0
DA:18,0
DA:21,0
DA:22,0
DA:25,0
DA:26,0
LF:12
LH:0
end_of_record
SF:lib\main.dart
DA:7,0
DA:8,0
LF:2
LH:0
end_of_record
